This is pdfTeX, Version 3.14159265-2.6-1.40.16 (TeX Live 2015/Debian) (preloaded format=pdflatex 2018.3.20)  17 APR 2018 18:54
entering extended mode
 restricted \write18 enabled.
 %&-line parsing enabled.
**route66.tex
(./route66.tex
LaTeX2e <2016/02/01>
Babel <3.9q> and hyphenation patterns for 8 language(s) loaded.
(/usr/share/texlive/texmf-dist/tex/latex/base/report.cls
Document Class: report 2014/09/29 v1.4h Standard LaTeX document class
(/usr/share/texlive/texmf-dist/tex/latex/base/size10.clo
File: size10.clo 2014/09/29 v1.4h Standard LaTeX file (size option)
)
\c@part=\count79
\c@chapter=\count80
\c@section=\count81
\c@subsection=\count82
\c@subsubsection=\count83
\c@paragraph=\count84
\c@subparagraph=\count85
\c@figure=\count86
\c@table=\count87
\abovecaptionskip=\skip41
\belowcaptionskip=\skip42
\bibindent=\dimen102
)
(/usr/share/texlive/texmf-dist/tex/latex/base/inputenc.sty
Package: inputenc 2015/03/17 v1.2c Input encoding file
\inpenc@prehook=\toks14
\inpenc@posthook=\toks15

(/usr/share/texlive/texmf-dist/tex/latex/base/utf8.def
File: utf8.def 2015/12/03 v1.1r UTF-8 support for inputenc
Now handling font encoding OML ...
... no UTF-8 mapping file for font encoding OML
Now handling font encoding T1 ...
... processing UTF-8 mapping file for font encoding T1

(/usr/share/texlive/texmf-dist/tex/latex/base/t1enc.dfu
File: t1enc.dfu 2015/12/03 v1.1r UTF-8 support for inputenc
   defining Unicode char U+00A0 (decimal 160)
   defining Unicode char U+00A1 (decimal 161)
   defining Unicode char U+00A3 (decimal 163)
   defining Unicode char U+00AB (decimal 171)
   defining Unicode char U+00AD (decimal 173)
   defining Unicode char U+00BB (decimal 187)
   defining Unicode char U+00BF (decimal 191)
   defining Unicode char U+00C0 (decimal 192)
   defining Unicode char U+00C1 (decimal 193)
   defining Unicode char U+00C2 (decimal 194)
   defining Unicode char U+00C3 (decimal 195)
   defining Unicode char U+00C4 (decimal 196)
   defining Unicode char U+00C5 (decimal 197)
   defining Unicode char U+00C6 (decimal 198)
   defining Unicode char U+00C7 (decimal 199)
   defining Unicode char U+00C8 (decimal 200)
   defining Unicode char U+00C9 (decimal 201)
   defining Unicode char U+00CA (decimal 202)
   defining Unicode char U+00CB (decimal 203)
   defining Unicode char U+00CC (decimal 204)
   defining Unicode char U+00CD (decimal 205)
   defining Unicode char U+00CE (decimal 206)
   defining Unicode char U+00CF (decimal 207)
   defining Unicode char U+00D0 (decimal 208)
   defining Unicode char U+00D1 (decimal 209)
   defining Unicode char U+00D2 (decimal 210)
   defining Unicode char U+00D3 (decimal 211)
   defining Unicode char U+00D4 (decimal 212)
   defining Unicode char U+00D5 (decimal 213)
   defining Unicode char U+00D6 (decimal 214)
   defining Unicode char U+00D8 (decimal 216)
   defining Unicode char U+00D9 (decimal 217)
   defining Unicode char U+00DA (decimal 218)
   defining Unicode char U+00DB (decimal 219)
   defining Unicode char U+00DC (decimal 220)
   defining Unicode char U+00DD (decimal 221)
   defining Unicode char U+00DE (decimal 222)
   defining Unicode char U+00DF (decimal 223)
   defining Unicode char U+00E0 (decimal 224)
   defining Unicode char U+00E1 (decimal 225)
   defining Unicode char U+00E2 (decimal 226)
   defining Unicode char U+00E3 (decimal 227)
   defining Unicode char U+00E4 (decimal 228)
   defining Unicode char U+00E5 (decimal 229)
   defining Unicode char U+00E6 (decimal 230)
   defining Unicode char U+00E7 (decimal 231)
   defining Unicode char U+00E8 (decimal 232)
   defining Unicode char U+00E9 (decimal 233)
   defining Unicode char U+00EA (decimal 234)
   defining Unicode char U+00EB (decimal 235)
   defining Unicode char U+00EC (decimal 236)
   defining Unicode char U+00ED (decimal 237)
   defining Unicode char U+00EE (decimal 238)
   defining Unicode char U+00EF (decimal 239)
   defining Unicode char U+00F0 (decimal 240)
   defining Unicode char U+00F1 (decimal 241)
   defining Unicode char U+00F2 (decimal 242)
   defining Unicode char U+00F3 (decimal 243)
   defining Unicode char U+00F4 (decimal 244)
   defining Unicode char U+00F5 (decimal 245)
   defining Unicode char U+00F6 (decimal 246)
   defining Unicode char U+00F8 (decimal 248)
   defining Unicode char U+00F9 (decimal 249)
   defining Unicode char U+00FA (decimal 250)
   defining Unicode char U+00FB (decimal 251)
   defining Unicode char U+00FC (decimal 252)
   defining Unicode char U+00FD (decimal 253)
   defining Unicode char U+00FE (decimal 254)
   defining Unicode char U+00FF (decimal 255)
   defining Unicode char U+0100 (decimal 256)
   defining Unicode char U+0101 (decimal 257)
   defining Unicode char U+0102 (decimal 258)
   defining Unicode char U+0103 (decimal 259)
   defining Unicode char U+0104 (decimal 260)
   defining Unicode char U+0105 (decimal 261)
   defining Unicode char U+0106 (decimal 262)
   defining Unicode char U+0107 (decimal 263)
   defining Unicode char U+0108 (decimal 264)
   defining Unicode char U+0109 (decimal 265)
   defining Unicode char U+010A (decimal 266)
   defining Unicode char U+010B (decimal 267)
   defining Unicode char U+010C (decimal 268)
   defining Unicode char U+010D (decimal 269)
   defining Unicode char U+010E (decimal 270)
   defining Unicode char U+010F (decimal 271)
   defining Unicode char U+0110 (decimal 272)
   defining Unicode char U+0111 (decimal 273)
   defining Unicode char U+0112 (decimal 274)
   defining Unicode char U+0113 (decimal 275)
   defining Unicode char U+0114 (decimal 276)
   defining Unicode char U+0115 (decimal 277)
   defining Unicode char U+0116 (decimal 278)
   defining Unicode char U+0117 (decimal 279)
   defining Unicode char U+0118 (decimal 280)
   defining Unicode char U+0119 (decimal 281)
   defining Unicode char U+011A (decimal 282)
   defining Unicode char U+011B (decimal 283)
   defining Unicode char U+011C (decimal 284)
   defining Unicode char U+011D (decimal 285)
   defining Unicode char U+011E (decimal 286)
   defining Unicode char U+011F (decimal 287)
   defining Unicode char U+0120 (decimal 288)
   defining Unicode char U+0121 (decimal 289)
   defining Unicode char U+0122 (decimal 290)
   defining Unicode char U+0123 (decimal 291)
   defining Unicode char U+0124 (decimal 292)
   defining Unicode char U+0125 (decimal 293)
   defining Unicode char U+0128 (decimal 296)
   defining Unicode char U+0129 (decimal 297)
   defining Unicode char U+012A (decimal 298)
   defining Unicode char U+012B (decimal 299)
   defining Unicode char U+012C (decimal 300)
   defining Unicode char U+012D (decimal 301)
   defining Unicode char U+012E (decimal 302)
   defining Unicode char U+012F (decimal 303)
   defining Unicode char U+0130 (decimal 304)
   defining Unicode char U+0131 (decimal 305)
   defining Unicode char U+0132 (decimal 306)
   defining Unicode char U+0133 (decimal 307)
   defining Unicode char U+0134 (decimal 308)
   defining Unicode char U+0135 (decimal 309)
   defining Unicode char U+0136 (decimal 310)
   defining Unicode char U+0137 (decimal 311)
   defining Unicode char U+0139 (decimal 313)
   defining Unicode char U+013A (decimal 314)
   defining Unicode char U+013B (decimal 315)
   defining Unicode char U+013C (decimal 316)
   defining Unicode char U+013D (decimal 317)
   defining Unicode char U+013E (decimal 318)
   defining Unicode char U+0141 (decimal 321)
   defining Unicode char U+0142 (decimal 322)
   defining Unicode char U+0143 (decimal 323)
   defining Unicode char U+0144 (decimal 324)
   defining Unicode char U+0145 (decimal 325)
   defining Unicode char U+0146 (decimal 326)
   defining Unicode char U+0147 (decimal 327)
   defining Unicode char U+0148 (decimal 328)
   defining Unicode char U+014A (decimal 330)
   defining Unicode char U+014B (decimal 331)
   defining Unicode char U+014C (decimal 332)
   defining Unicode char U+014D (decimal 333)
   defining Unicode char U+014E (decimal 334)
   defining Unicode char U+014F (decimal 335)
   defining Unicode char U+0150 (decimal 336)
   defining Unicode char U+0151 (decimal 337)
   defining Unicode char U+0152 (decimal 338)
   defining Unicode char U+0153 (decimal 339)
   defining Unicode char U+0154 (decimal 340)
   defining Unicode char U+0155 (decimal 341)
   defining Unicode char U+0156 (decimal 342)
   defining Unicode char U+0157 (decimal 343)
   defining Unicode char U+0158 (decimal 344)
   defining Unicode char U+0159 (decimal 345)
   defining Unicode char U+015A (decimal 346)
   defining Unicode char U+015B (decimal 347)
   defining Unicode char U+015C (decimal 348)
   defining Unicode char U+015D (decimal 349)
   defining Unicode char U+015E (decimal 350)
   defining Unicode char U+015F (decimal 351)
   defining Unicode char U+0160 (decimal 352)
   defining Unicode char U+0161 (decimal 353)
   defining Unicode char U+0162 (decimal 354)
   defining Unicode char U+0163 (decimal 355)
   defining Unicode char U+0164 (decimal 356)
   defining Unicode char U+0165 (decimal 357)
   defining Unicode char U+0168 (decimal 360)
   defining Unicode char U+0169 (decimal 361)
   defining Unicode char U+016A (decimal 362)
   defining Unicode char U+016B (decimal 363)
   defining Unicode char U+016C (decimal 364)
   defining Unicode char U+016D (decimal 365)
   defining Unicode char U+016E (decimal 366)
   defining Unicode char U+016F (decimal 367)
   defining Unicode char U+0170 (decimal 368)
   defining Unicode char U+0171 (decimal 369)
   defining Unicode char U+0172 (decimal 370)
   defining Unicode char U+0173 (decimal 371)
   defining Unicode char U+0174 (decimal 372)
   defining Unicode char U+0175 (decimal 373)
   defining Unicode char U+0176 (decimal 374)
   defining Unicode char U+0177 (decimal 375)
   defining Unicode char U+0178 (decimal 376)
   defining Unicode char U+0179 (decimal 377)
   defining Unicode char U+017A (decimal 378)
   defining Unicode char U+017B (decimal 379)
   defining Unicode char U+017C (decimal 380)
   defining Unicode char U+017D (decimal 381)
   defining Unicode char U+017E (decimal 382)
   defining Unicode char U+01CD (decimal 461)
   defining Unicode char U+01CE (decimal 462)
   defining Unicode char U+01CF (decimal 463)
   defining Unicode char U+01D0 (decimal 464)
   defining Unicode char U+01D1 (decimal 465)
   defining Unicode char U+01D2 (decimal 466)
   defining Unicode char U+01D3 (decimal 467)
   defining Unicode char U+01D4 (decimal 468)
   defining Unicode char U+01E2 (decimal 482)
   defining Unicode char U+01E3 (decimal 483)
   defining Unicode char U+01E6 (decimal 486)
   defining Unicode char U+01E7 (decimal 487)
   defining Unicode char U+01E8 (decimal 488)
   defining Unicode char U+01E9 (decimal 489)
   defining Unicode char U+01EA (decimal 490)
   defining Unicode char U+01EB (decimal 491)
   defining Unicode char U+01F0 (decimal 496)
   defining Unicode char U+01F4 (decimal 500)
   defining Unicode char U+01F5 (decimal 501)
   defining Unicode char U+0218 (decimal 536)
   defining Unicode char U+0219 (decimal 537)
   defining Unicode char U+021A (decimal 538)
   defining Unicode char U+021B (decimal 539)
   defining Unicode char U+01E02 (decimal 7682)
   defining Unicode char U+01E03 (decimal 7683)
   defining Unicode char U+200C (decimal 8204)
   defining Unicode char U+2013 (decimal 8211)
   defining Unicode char U+2014 (decimal 8212)
   defining Unicode char U+2018 (decimal 8216)
   defining Unicode char U+2019 (decimal 8217)
   defining Unicode char U+201A (decimal 8218)
   defining Unicode char U+201C (decimal 8220)
   defining Unicode char U+201D (decimal 8221)
   defining Unicode char U+201E (decimal 8222)
   defining Unicode char U+2030 (decimal 8240)
   defining Unicode char U+2031 (decimal 8241)
   defining Unicode char U+2039 (decimal 8249)
   defining Unicode char U+203A (decimal 8250)
   defining Unicode char U+2423 (decimal 9251)
)
Now handling font encoding OT1 ...
... processing UTF-8 mapping file for font encoding OT1

(/usr/share/texlive/texmf-dist/tex/latex/base/ot1enc.dfu
File: ot1enc.dfu 2015/12/03 v1.1r UTF-8 support for inputenc
   defining Unicode char U+00A0 (decimal 160)
   defining Unicode char U+00A1 (decimal 161)
   defining Unicode char U+00A3 (decimal 163)
   defining Unicode char U+00AD (decimal 173)
   defining Unicode char U+00B8 (decimal 184)
   defining Unicode char U+00BF (decimal 191)
   defining Unicode char U+00C5 (decimal 197)
   defining Unicode char U+00C6 (decimal 198)
   defining Unicode char U+00D8 (decimal 216)
   defining Unicode char U+00DF (decimal 223)
   defining Unicode char U+00E6 (decimal 230)
   defining Unicode char U+00EC (decimal 236)
   defining Unicode char U+00ED (decimal 237)
   defining Unicode char U+00EE (decimal 238)
   defining Unicode char U+00EF (decimal 239)
   defining Unicode char U+00F8 (decimal 248)
   defining Unicode char U+0131 (decimal 305)
   defining Unicode char U+0141 (decimal 321)
   defining Unicode char U+0142 (decimal 322)
   defining Unicode char U+0152 (decimal 338)
   defining Unicode char U+0153 (decimal 339)
   defining Unicode char U+0174 (decimal 372)
   defining Unicode char U+0175 (decimal 373)
   defining Unicode char U+0176 (decimal 374)
   defining Unicode char U+0177 (decimal 375)
   defining Unicode char U+0218 (decimal 536)
   defining Unicode char U+0219 (decimal 537)
   defining Unicode char U+021A (decimal 538)
   defining Unicode char U+021B (decimal 539)
   defining Unicode char U+2013 (decimal 8211)
   defining Unicode char U+2014 (decimal 8212)
   defining Unicode char U+2018 (decimal 8216)
   defining Unicode char U+2019 (decimal 8217)
   defining Unicode char U+201C (decimal 8220)
   defining Unicode char U+201D (decimal 8221)
)
Now handling font encoding OMS ...
... processing UTF-8 mapping file for font encoding OMS

(/usr/share/texlive/texmf-dist/tex/latex/base/omsenc.dfu
File: omsenc.dfu 2015/12/03 v1.1r UTF-8 support for inputenc
   defining Unicode char U+00A7 (decimal 167)
   defining Unicode char U+00B6 (decimal 182)
   defining Unicode char U+00B7 (decimal 183)
   defining Unicode char U+2020 (decimal 8224)
   defining Unicode char U+2021 (decimal 8225)
   defining Unicode char U+2022 (decimal 8226)
)
Now handling font encoding OMX ...
... no UTF-8 mapping file for font encoding OMX
Now handling font encoding U ...
... no UTF-8 mapping file for font encoding U
   defining Unicode char U+00A9 (decimal 169)
   defining Unicode char U+00AA (decimal 170)
   defining Unicode char U+00AE (decimal 174)
   defining Unicode char U+00BA (decimal 186)
   defining Unicode char U+02C6 (decimal 710)
   defining Unicode char U+02DC (decimal 732)
   defining Unicode char U+200C (decimal 8204)
   defining Unicode char U+2026 (decimal 8230)
   defining Unicode char U+2122 (decimal 8482)
   defining Unicode char U+2423 (decimal 9251)
))
(/usr/share/texlive/texmf-dist/tex/generic/babel/babel.sty
Package: babel 2016/02/24 3.9q The Babel package

(/usr/share/texlive/texmf-dist/tex/generic/babel-spanish/spanish.ldf
Language: spanish.ldf 2016/01/15 v5.0o Spanish support from the babel system

(/usr/share/texlive/texmf-dist/tex/generic/babel/babel.def
File: babel.def 2016/02/24 3.9q Babel common definitions
\babel@savecnt=\count88
\U@D=\dimen103
)
\es@quottoks=\toks16
\es@quotdepth=\count89
Package babel Info: Making " an active character on input line 533.
Package babel Info: Making . an active character on input line 634.
Package babel Info: Making < an active character on input line 679.
Package babel Info: Making > an active character on input line 679.
Package babel Info: Making ' an active character on input line 697.
))
(/usr/share/texlive/texmf-dist/tex/latex/amsmath/amsmath.sty
Package: amsmath 2016/03/03 v2.15a AMS math features
\@mathmargin=\skip43

For additional information on amsmath, use the `?' option.
(/usr/share/texlive/texmf-dist/tex/latex/amsmath/amstext.sty
Package: amstext 2000/06/29 v2.01 AMS text

(/usr/share/texlive/texmf-dist/tex/latex/amsmath/amsgen.sty
File: amsgen.sty 1999/11/30 v2.0 generic functions
\@emptytoks=\toks17
\ex@=\dimen104
))
(/usr/share/texlive/texmf-dist/tex/latex/amsmath/amsbsy.sty
Package: amsbsy 1999/11/29 v1.2d Bold Symbols
\pmbraise@=\dimen105
)
(/usr/share/texlive/texmf-dist/tex/latex/amsmath/amsopn.sty
Package: amsopn 1999/12/14 v2.01 operator names
)
\inf@bad=\count90
LaTeX Info: Redefining \frac on input line 199.
\uproot@=\count91
\leftroot@=\count92
LaTeX Info: Redefining \overline on input line 297.
\classnum@=\count93
\DOTSCASE@=\count94
LaTeX Info: Redefining \ldots on input line 394.
LaTeX Info: Redefining \dots on input line 397.
LaTeX Info: Redefining \cdots on input line 518.
\Mathstrutbox@=\box26
\strutbox@=\box27
\big@size=\dimen106
LaTeX Font Info:    Redeclaring font encoding OML on input line 630.
LaTeX Font Info:    Redeclaring font encoding OMS on input line 631.
\macc@depth=\count95
\c@MaxMatrixCols=\count96
\dotsspace@=\muskip10
\c@parentequation=\count97
\dspbrk@lvl=\count98
\tag@help=\toks18
\row@=\count99
\column@=\count100
\maxfields@=\count101
\andhelp@=\toks19
\eqnshift@=\dimen107
\alignsep@=\dimen108
\tagshift@=\dimen109
\tagwidth@=\dimen110
\totwidth@=\dimen111
\lineht@=\dimen112
\@envbody=\toks20
\multlinegap=\skip44
\multlinetaggap=\skip45
\mathdisplay@stack=\toks21
LaTeX Info: Redefining \[ on input line 2735.
LaTeX Info: Redefining \] on input line 2736.
)
(/usr/share/texlive/texmf-dist/tex/latex/amsfonts/amsfonts.sty
Package: amsfonts 2013/01/14 v3.01 Basic AMSFonts support
\symAMSa=\mathgroup4
\symAMSb=\mathgroup5
LaTeX Font Info:    Overwriting math alphabet `\mathfrak' in version `bold'
(Font)                  U/euf/m/n --> U/euf/b/n on input line 106.
)
(/usr/share/texlive/texmf-dist/tex/latex/booktabs/booktabs.sty
Package: booktabs 2005/04/14 v1.61803 publication quality tables
\heavyrulewidth=\dimen113
\lightrulewidth=\dimen114
\cmidrulewidth=\dimen115
\belowrulesep=\dimen116
\belowbottomsep=\dimen117
\aboverulesep=\dimen118
\abovetopsep=\dimen119
\cmidrulesep=\dimen120
\cmidrulekern=\dimen121
\defaultaddspace=\dimen122
\@cmidla=\count102
\@cmidlb=\count103
\@aboverulesep=\dimen123
\@belowrulesep=\dimen124
\@thisruleclass=\count104
\@lastruleclass=\count105
\@thisrulewidth=\dimen125
)
(/usr/share/texlive/texmf-dist/tex/latex/amsfonts/amssymb.sty
Package: amssymb 2013/01/14 v3.01 AMS font symbols
)
(/usr/share/texlive/texmf-dist/tex/latex/makecell/makecell.sty
Package: makecell 2009/08/03 V0.1e Managing of Tab Column Heads and Cells

(/usr/share/texlive/texmf-dist/tex/latex/tools/array.sty
Package: array 2014/10/28 v2.4c Tabular extension package (FMi)
\col@sep=\dimen126
\extrarowheight=\dimen127
\NC@list=\toks22
\extratabsurround=\skip46
\backup@length=\skip47
)
\rotheadsize=\dimen128
\c@nlinenum=\count106
\TeXr@lab=\toks23
)
(/usr/share/texlive/texmf-dist/tex/latex/lipsum/lipsum.sty
Package: lipsum 2014/07/27 v1.3 150 paragraphs of Lorem Ipsum dummy text
\c@lips@count=\count107
)
(/usr/share/texlive/texmf-dist/tex/latex/float/float.sty
Package: float 2001/11/08 v1.3d Float enhancements (AL)
\c@float@type=\count108
\float@exts=\toks24
\float@box=\box28
\@float@everytoks=\toks25
\@floatcapt=\box29
)
(/usr/share/texlive/texmf-dist/tex/latex/graphics/color.sty
Package: color 2016/01/03 v1.1b Standard LaTeX Color (DPC)

(/usr/share/texlive/texmf-dist/tex/latex/latexconfig/color.cfg
File: color.cfg 2007/01/18 v1.5 color configuration of teTeX/TeXLive
)
Package color Info: Driver file: pdftex.def on input line 143.

(/usr/share/texlive/texmf-dist/tex/latex/pdftex-def/pdftex.def
File: pdftex.def 2011/05/27 v0.06d Graphics/color for pdfTeX

(/usr/share/texlive/texmf-dist/tex/generic/oberdiek/infwarerr.sty
Package: infwarerr 2010/04/08 v1.3 Providing info/warning/error messages (HO)
)
(/usr/share/texlive/texmf-dist/tex/generic/oberdiek/ltxcmds.sty
Package: ltxcmds 2011/11/09 v1.22 LaTeX kernel commands for general use (HO)
)
\Gread@gobject=\count109
))
(/usr/share/texlive/texmf-dist/tex/latex/listings/listings.sty
(/usr/share/texlive/texmf-dist/tex/latex/graphics/keyval.sty
Package: keyval 2014/10/28 v1.15 key=value parser (DPC)
\KV@toks@=\toks26
)
\lst@mode=\count110
\lst@gtempboxa=\box30
\lst@token=\toks27
\lst@length=\count111
\lst@currlwidth=\dimen129
\lst@column=\count112
\lst@pos=\count113
\lst@lostspace=\dimen130
\lst@width=\dimen131
\lst@newlines=\count114
\lst@lineno=\count115
\lst@maxwidth=\dimen132

(/usr/share/texlive/texmf-dist/tex/latex/listings/lstmisc.sty
File: lstmisc.sty 2015/06/04 1.6 (Carsten Heinz)
\c@lstnumber=\count116
\lst@skipnumbers=\count117
\lst@framebox=\box31
)
(/usr/share/texlive/texmf-dist/tex/latex/listings/listings.cfg
File: listings.cfg 2015/06/04 1.6 listings configuration
))
Package: listings 2015/06/04 1.6 (Carsten Heinz)

(/usr/share/texlive/texmf-dist/tex/latex/url/url.sty
\Urlmuskip=\muskip11
Package: url 2013/09/16  ver 3.4  Verb mode for urls, etc.
)
(/usr/share/texlive/texmf-dist/tex/latex/rotating/rotating.sty
Package: rotating 2009/03/28 v2.16a rotated objects in LaTeX

(/usr/share/texlive/texmf-dist/tex/latex/graphics/graphicx.sty
Package: graphicx 2014/10/28 v1.0g Enhanced LaTeX Graphics (DPC,SPQR)

(/usr/share/texlive/texmf-dist/tex/latex/graphics/graphics.sty
Package: graphics 2016/01/03 v1.0q Standard LaTeX Graphics (DPC,SPQR)

(/usr/share/texlive/texmf-dist/tex/latex/graphics/trig.sty
Package: trig 2016/01/03 v1.10 sin cos tan (DPC)
)
(/usr/share/texlive/texmf-dist/tex/latex/latexconfig/graphics.cfg
File: graphics.cfg 2010/04/23 v1.9 graphics configuration of TeX Live
)
Package graphics Info: Driver file: pdftex.def on input line 95.
)
\Gin@req@height=\dimen133
\Gin@req@width=\dimen134
)
(/usr/share/texlive/texmf-dist/tex/latex/base/ifthen.sty
Package: ifthen 2014/09/29 v1.1c Standard LaTeX ifthen package (DPC)
)
\c@r@tfl@t=\count118
\rotFPtop=\skip48
\rotFPbot=\skip49
\rot@float@box=\box32
\rot@mess@toks=\toks28
)
(/usr/share/texlive/texmf-dist/tex/latex/tools/verbatim.sty
Package: verbatim 2014/10/28 v1.5q LaTeX2e package for verbatim enhancements
\every@verbatim=\toks29
\verbatim@line=\toks30
\verbatim@in@stream=\read1
)
(/usr/share/texlive/texmf-dist/tex/latex/eurosym/eurosym.sty
Package: eurosym 1998/08/06 v1.1 European currency symbol ``Euro''
\@eurobox=\box33
)
(/usr/share/texlive/texmf-dist/tex/latex/xcolor/xcolor.sty
Package: xcolor 2007/01/21 v2.11 LaTeX color extensions (UK)

(/usr/share/texlive/texmf-dist/tex/latex/latexconfig/color.cfg
File: color.cfg 2007/01/18 v1.5 color configuration of teTeX/TeXLive
)
Package xcolor Info: Driver file: pdftex.def on input line 225.

(/usr/share/texlive/texmf-dist/tex/latex/colortbl/colortbl.sty
Package: colortbl 2012/02/13 v1.0a Color table columns (DPC)
\everycr=\toks31
\minrowclearance=\skip50
)
LaTeX Info: Redefining \color on input line 702.
\rownum=\count119
Package xcolor Info: Model `cmy' substituted by `cmy0' on input line 1337.
Package xcolor Info: Model `hsb' substituted by `rgb' on input line 1341.
Package xcolor Info: Model `RGB' extended on input line 1353.
Package xcolor Info: Model `HTML' substituted by `rgb' on input line 1355.
Package xcolor Info: Model `Hsb' substituted by `hsb' on input line 1356.
Package xcolor Info: Model `tHsb' substituted by `hsb' on input line 1357.
Package xcolor Info: Model `HSB' substituted by `hsb' on input line 1358.
Package xcolor Info: Model `Gray' substituted by `gray' on input line 1359.
Package xcolor Info: Model `wave' substituted by `hsb' on input line 1360.
)
(/usr/share/texlive/texmf-dist/tex/latex/multirow/multirow.sty
\bigstrutjot=\dimen135
)
(/usr/share/texlive/texmf-dist/tex/latex/tools/multicol.sty
Package: multicol 2015/08/19 v1.8n multicolumn formatting (FMi)
\c@tracingmulticols=\count120
\mult@box=\box34
\multicol@leftmargin=\dimen136
\c@unbalance=\count121
\c@collectmore=\count122
\doublecol@number=\count123
\multicoltolerance=\count124
\multicolpretolerance=\count125
\full@width=\dimen137
\page@free=\dimen138
\premulticols=\dimen139
\postmulticols=\dimen140
\multicolsep=\skip51
\multicolbaselineskip=\skip52
\partial@page=\box35
\last@line=\box36
\maxbalancingoverflow=\dimen141
\mult@rightbox=\box37
\mult@grightbox=\box38
\mult@gfirstbox=\box39
\mult@firstbox=\box40
\@tempa=\box41
\@tempa=\box42
\@tempa=\box43
\@tempa=\box44
\@tempa=\box45
\@tempa=\box46
\@tempa=\box47
\@tempa=\box48
\@tempa=\box49
\@tempa=\box50
\@tempa=\box51
\@tempa=\box52
\@tempa=\box53
\@tempa=\box54
\@tempa=\box55
\@tempa=\box56
\@tempa=\box57
\c@columnbadness=\count126
\c@finalcolumnbadness=\count127
\last@try=\dimen142
\multicolovershoot=\dimen143
\multicolundershoot=\dimen144
\mult@nat@firstbox=\box58
\colbreak@box=\box59
\mc@col@check@num=\count128
)
(/usr/share/texlive/texmf-dist/tex/latex/caption/subcaption.sty
Package: subcaption 2016/02/20 v1.1-142 Sub-captions (AR)

(/usr/share/texlive/texmf-dist/tex/latex/caption/caption.sty
Package: caption 2016/02/21 v3.3-144 Customizing captions (AR)

(/usr/share/texlive/texmf-dist/tex/latex/caption/caption3.sty
Package: caption3 2016/02/04 v1.7-139 caption3 kernel (AR)
Package caption3 Info: TeX engine: e-TeX on input line 67.
\captionmargin=\dimen145
\captionmargin@=\dimen146
\captionwidth=\dimen147
\caption@tempdima=\dimen148
\caption@indent=\dimen149
\caption@parindent=\dimen150
\caption@hangindent=\dimen151
)
\c@ContinuedFloat=\count129
Package caption Info: float package is loaded.
Package caption Info: listings package is loaded.
Package caption Info: rotating package is loaded.
)
\c@subfigure=\count130
\c@subtable=\count131
)
(/usr/share/texlive/texmf-dist/tex/latex/cite/cite.sty
LaTeX Info: Redefining \cite on input line 302.
LaTeX Info: Redefining \nocite on input line 332.
Package: cite 2015/02/27  v 5.5
)
(/usr/share/texlive/texmf-dist/tex/latex/tools/layout.sty
Package: layout 2014/10/28 v1.2c Show layout parameters
\oneinch=\count132
\cnt@paperwidth=\count133
\cnt@paperheight=\count134
\cnt@hoffset=\count135
\cnt@voffset=\count136
\cnt@textheight=\count137
\cnt@textwidth=\count138
\cnt@topmargin=\count139
\cnt@oddsidemargin=\count140
\cnt@evensidemargin=\count141
\cnt@headheight=\count142
\cnt@headsep=\count143
\cnt@marginparsep=\count144
\cnt@marginparwidth=\count145
\cnt@marginparpush=\count146
\cnt@footskip=\count147
\fheight=\count148
\ref@top=\count149
\ref@hoffset=\count150
\ref@voffset=\count151
\ref@head=\count152
\ref@body=\count153
\ref@foot=\count154
\ref@margin=\count155
\ref@marginwidth=\count156
\ref@marginpar=\count157
\Interval=\count158
\ExtraYPos=\count159
\PositionX=\count160
\PositionY=\count161
\ArrowLength=\count162
)
(/usr/share/texlive/texmf-dist/tex/latex/psnfss/helvet.sty
Package: helvet 2005/04/12 PSNFSS-v9.2a (WaS) 
)
(/usr/share/texlive/texmf-dist/tex/latex/geometry/geometry.sty
Package: geometry 2010/09/12 v5.6 Page Geometry

(/usr/share/texlive/texmf-dist/tex/generic/oberdiek/ifpdf.sty
Package: ifpdf 2011/01/30 v2.3 Provides the ifpdf switch (HO)
Package ifpdf Info: pdfTeX in PDF mode is detected.
)
(/usr/share/texlive/texmf-dist/tex/generic/oberdiek/ifvtex.sty
Package: ifvtex 2010/03/01 v1.5 Detect VTeX and its facilities (HO)
Package ifvtex Info: VTeX not detected.
)
(/usr/share/texlive/texmf-dist/tex/generic/ifxetex/ifxetex.sty
Package: ifxetex 2010/09/12 v0.6 Provides ifxetex conditional
)
\Gm@cnth=\count163
\Gm@cntv=\count164
\c@Gm@tempcnt=\count165
\Gm@bindingoffset=\dimen152
\Gm@wd@mp=\dimen153
\Gm@odd@mp=\dimen154
\Gm@even@mp=\dimen155
\Gm@layoutwidth=\dimen156
\Gm@layoutheight=\dimen157
\Gm@layouthoffset=\dimen158
\Gm@layoutvoffset=\dimen159
\Gm@dimlist=\toks32
)
(/usr/share/texlive/texmf-dist/tex/latex/fancyhdr/fancyhdr.sty
\fancy@headwidth=\skip53
\f@ncyO@elh=\skip54
\f@ncyO@erh=\skip55
\f@ncyO@olh=\skip56
\f@ncyO@orh=\skip57
\f@ncyO@elf=\skip58
\f@ncyO@erf=\skip59
\f@ncyO@olf=\skip60
\f@ncyO@orf=\skip61
) (./route66.aux
LaTeX Info: Redefining \. on input line 7.
LaTeX Info: Redefining \% on input line 7.
)
\openout1 = `route66.aux'.

LaTeX Font Info:    Checking defaults for OML/cmm/m/it on input line 112.
LaTeX Font Info:    ... okay on input line 112.
LaTeX Font Info:    Checking defaults for T1/cmr/m/n on input line 112.
LaTeX Font Info:    ... okay on input line 112.
LaTeX Font Info:    Checking defaults for OT1/cmr/m/n on input line 112.
LaTeX Font Info:    ... okay on input line 112.
LaTeX Font Info:    Checking defaults for OMS/cmsy/m/n on input line 112.
LaTeX Font Info:    ... okay on input line 112.
LaTeX Font Info:    Checking defaults for OMX/cmex/m/n on input line 112.
LaTeX Font Info:    ... okay on input line 112.
LaTeX Font Info:    Checking defaults for U/cmr/m/n on input line 112.
LaTeX Font Info:    ... okay on input line 112.
LaTeX Font Info:    Try loading font information for OT1+phv on input line 112.

(/usr/share/texlive/texmf-dist/tex/latex/psnfss/ot1phv.fd
File: ot1phv.fd 2001/06/04 scalable font definitions for OT1/phv.
)
LaTeX Info: Redefining \. on input line 112.
LaTeX Info: Redefining \% on input line 112.

(/usr/share/texlive/texmf-dist/tex/context/base/supp-pdf.mkii
[Loading MPS to PDF converter (version 2006.09.02).]
\scratchcounter=\count166
\scratchdimen=\dimen160
\scratchbox=\box60
\nofMPsegments=\count167
\nofMParguments=\count168
\everyMPshowfont=\toks33
\MPscratchCnt=\count169
\MPscratchDim=\dimen161
\MPnumerator=\count170
\makeMPintoPDFobject=\count171
\everyMPtoPDFconversion=\toks34
)
\c@lstlisting=\count172
 (/usr/share/texlive/texmf-dist/tex/generic/oberdiek/pdftexcmds.sty
Package: pdftexcmds 2011/11/29 v0.20 Utility functions of pdfTeX for LuaTeX (HO
)

(/usr/share/texlive/texmf-dist/tex/generic/oberdiek/ifluatex.sty
Package: ifluatex 2010/03/01 v1.3 Provides the ifluatex switch (HO)
Package ifluatex Info: LuaTeX not detected.
)
Package pdftexcmds Info: LuaTeX not detected.
Package pdftexcmds Info: \pdf@primitive is available.
Package pdftexcmds Info: \pdf@ifprimitive is available.
Package pdftexcmds Info: \pdfdraftmode found.
)
(/usr/share/texlive/texmf-dist/tex/latex/oberdiek/epstopdf-base.sty
Package: epstopdf-base 2010/02/09 v2.5 Base part for package epstopdf

(/usr/share/texlive/texmf-dist/tex/latex/oberdiek/grfext.sty
Package: grfext 2010/08/19 v1.1 Manage graphics extensions (HO)

(/usr/share/texlive/texmf-dist/tex/generic/oberdiek/kvdefinekeys.sty
Package: kvdefinekeys 2011/04/07 v1.3 Define keys (HO)
))
(/usr/share/texlive/texmf-dist/tex/latex/oberdiek/kvoptions.sty
Package: kvoptions 2011/06/30 v3.11 Key value format for package options (HO)

(/usr/share/texlive/texmf-dist/tex/generic/oberdiek/kvsetkeys.sty
Package: kvsetkeys 2012/04/25 v1.16 Key value parser (HO)

(/usr/share/texlive/texmf-dist/tex/generic/oberdiek/etexcmds.sty
Package: etexcmds 2011/02/16 v1.5 Avoid name clashes with e-TeX commands (HO)
Package etexcmds Info: Could not find \expanded.
(etexcmds)             That can mean that you are not using pdfTeX 1.50 or
(etexcmds)             that some package has redefined \expanded.
(etexcmds)             In the latter case, load this package earlier.
)))
Package grfext Info: Graphics extension search list:
(grfext)             [.png,.pdf,.jpg,.mps,.jpeg,.jbig2,.jb2,.PNG,.PDF,.JPG,.JPE
G,.JBIG2,.JB2,.eps]
(grfext)             \AppendGraphicsExtensions on input line 452.

(/usr/share/texlive/texmf-dist/tex/latex/latexconfig/epstopdf-sys.cfg
File: epstopdf-sys.cfg 2010/07/13 v1.3 Configuration of (r)epstopdf for TeX Liv
e
))
Package caption Info: Begin \AtBeginDocument code.
Package caption Info: End \AtBeginDocument code.

*geometry* driver: auto-detecting
*geometry* detected driver: pdftex
*geometry* verbose mode - [ preamble ] result:
* driver: pdftex
* paper: a4paper
* layout: <same size as paper>
* layoutoffset:(h,v)=(0.0pt,0.0pt)
* modes: includehead includefoot twoside 
* h-part:(L,W,R)=(56.9055pt, 497.92325pt, 42.67912pt)
* v-part:(T,H,B)=(45.52458pt, 756.84314pt, 42.67912pt)
* \paperwidth=597.50787pt
* \paperheight=845.04684pt
* \textwidth=497.92325pt
* \textheight=689.84314pt
* \oddsidemargin=-15.36449pt
* \evensidemargin=-29.59087pt
* \topmargin=-26.7454pt
* \headheight=12.0pt
* \headsep=25.0pt
* \topskip=10.0pt
* \footskip=30.0pt
* \marginparwidth=121.0pt
* \marginparsep=11.0pt
* \columnsep=10.0pt
* \skip\footins=9.0pt plus 4.0pt minus 2.0pt
* \hoffset=0.0pt
* \voffset=0.0pt
* \mag=1000
* \@twocolumnfalse
* \@twosidetrue
* \@mparswitchtrue
* \@reversemarginfalse
* (1in=72.27pt=25.4mm, 1cm=28.453pt)

<images/logoUVa.jpg, id=1, 187.45032pt x 183.68625pt>
File: images/logoUVa.jpg Graphic file (type jpg)
 <use images/logoUVa.jpg>
Package pdftex.def Info: images/logoUVa.jpg used on input line 116.
(pdftex.def)             Requested size: 93.72491pt x 91.84288pt.
LaTeX Font Info:    Font shape `OT1/phv/bx/n' in size <17.28> not available
(Font)              Font shape `OT1/phv/b/n' tried instead on input line 117.
LaTeX Font Info:    Font shape `OT1/phv/bx/sc' in size <12> not available
(Font)              Font shape `OT1/phv/b/sc' tried instead on input line 120.
LaTeX Font Info:    Font shape `OT1/phv/bx/n' in size <24.88> not available
(Font)              Font shape `OT1/phv/b/n' tried instead on input line 122.
LaTeX Font Info:    Font shape `OT1/phv/bx/n' in size <12> not available
(Font)              Font shape `OT1/phv/b/n' tried instead on input line 125.

[1

{/var/lib/texmf/fonts/map/pdftex/updmap/pdftex.map} <./images/logoUVa.jpg>]
[2

]
LaTeX Font Info:    Font shape `OT1/phv/bx/n' in size <14.4> not available
(Font)              Font shape `OT1/phv/b/n' tried instead on input line 139.


Package Fancyhdr Warning: \headheight is too small (12.0pt): 
 Make it at least 22.37245pt.
 We now make it that large for the rest of the document.
 This may cause the page layout to be inconsistent, however.

[3

]
LaTeX Font Info:    Font shape `OT1/phv/m/it' in size <10> not available
(Font)              Font shape `OT1/phv/m/sl' tried instead on input line 165.
 [4

] [5] (./route66.toc
LaTeX Info: Redefining \. on input line 1.
LaTeX Info: Redefining \% on input line 1.
LaTeX Font Info:    Font shape `OT1/phv/bx/n' in size <10> not available
(Font)              Font shape `OT1/phv/b/n' tried instead on input line 2.
LaTeX Font Info:    Try loading font information for U+msa on input line 3.

(/usr/share/texlive/texmf-dist/tex/latex/amsfonts/umsa.fd
File: umsa.fd 2013/01/14 v3.01 AMS symbols A
)
LaTeX Font Info:    Try loading font information for U+msb on input line 3.

(/usr/share/texlive/texmf-dist/tex/latex/amsfonts/umsb.fd
File: umsb.fd 2013/01/14 v3.01 AMS symbols B
) [6


])
\tf@toc=\write3
\openout3 = `route66.toc'.

 [7]
(./route66.lof
LaTeX Info: Redefining \. on input line 1.
LaTeX Info: Redefining \% on input line 1.
LaTeX Font Info:    Try loading font information for OMS+phv on input line 4.
 (/usr/share/texlive/texmf-dist/tex/latex/psnfss/omsphv.fd
File: omsphv.fd 
)
LaTeX Font Info:    Font shape `OMS/phv/m/it' in size <10> not available
(Font)              Font shape `OMS/cmsy/m/n' tried instead on input line 4.
LaTeX Font Info:    Font shape `OMS/phv/m/n' in size <10> not available
(Font)              Font shape `OMS/cmsy/m/n' tried instead on input line 4.

[8

])
\tf@lof=\write4
\openout4 = `route66.lof'.

 [9] (./route66.lot
LaTeX Info: Redefining \. on input line 1.
LaTeX Info: Redefining \% on input line 1.
)
\tf@lot=\write5
\openout5 = `route66.lot'.

 [10

]
Cap\'{\i }tulo 1.
LaTeX Font Info:    Font shape `OT1/phv/bx/n' in size <20.74> not available
(Font)              Font shape `OT1/phv/b/n' tried instead on input line 191.
[1


] <images/restaurantes/mcdo0.png, id=42, 542.025pt x 963.6pt>
File: images/restaurantes/mcdo0.png Graphic file (type png)

<use images/restaurantes/mcdo0.png>
Package pdftex.def Info: images/restaurantes/mcdo0.png used on input line 223.
(pdftex.def)             Requested size: 135.5059pt x 240.89941pt.

<images/restaurantes/mcdo1.png, id=43, 542.025pt x 963.6pt>
File: images/restaurantes/mcdo1.png Graphic file (type png)

<use images/restaurantes/mcdo1.png>
Package pdftex.def Info: images/restaurantes/mcdo1.png used on input line 224.
(pdftex.def)             Requested size: 135.5059pt x 240.89941pt.

<images/restaurantes/mcdo3.png, id=44, 542.025pt x 963.6pt>
File: images/restaurantes/mcdo3.png Graphic file (type png)

<use images/restaurantes/mcdo3.png>
Package pdftex.def Info: images/restaurantes/mcdo3.png used on input line 225.
(pdftex.def)             Requested size: 135.5059pt x 240.89941pt.
 [2 <./images/restaurantes/mcdo0.png> <./images/restaurantes/mcdo1.png> <./imag
es/restaurantes/mcdo3.png>]
<images/restaurantes/burry0.png, id=48, 542.025pt x 963.6pt>
File: images/restaurantes/burry0.png Graphic file (type png)

<use images/restaurantes/burry0.png>
Package pdftex.def Info: images/restaurantes/burry0.png used on input line 255.

(pdftex.def)             Requested size: 135.5059pt x 240.89941pt.

<images/restaurantes/burry1.png, id=49, 542.025pt x 963.6pt>
File: images/restaurantes/burry1.png Graphic file (type png)

<use images/restaurantes/burry1.png>
Package pdftex.def Info: images/restaurantes/burry1.png used on input line 256.

(pdftex.def)             Requested size: 135.5059pt x 240.89941pt.
 [3 <./images/restaurantes/burry0.png> <./images/restaurantes/burry1.png>]
<images/restaurantes/kfc0.png, id=54, 542.025pt x 963.6pt>
File: images/restaurantes/kfc0.png Graphic file (type png)

<use images/restaurantes/kfc0.png>
Package pdftex.def Info: images/restaurantes/kfc0.png used on input line 288.
(pdftex.def)             Requested size: 135.5059pt x 240.89941pt.

<images/restaurantes/kfc1.png, id=55, 542.025pt x 963.6pt>
File: images/restaurantes/kfc1.png Graphic file (type png)

<use images/restaurantes/kfc1.png>
Package pdftex.def Info: images/restaurantes/kfc1.png used on input line 289.
(pdftex.def)             Requested size: 135.5059pt x 240.89941pt.
 [4 <./images/restaurantes/kfc0.png> <./images/restaurantes/kfc1.png>]
<images/restaurantes/vips0.png, id=59, 542.025pt x 963.6pt>
File: images/restaurantes/vips0.png Graphic file (type png)

<use images/restaurantes/vips0.png>
Package pdftex.def Info: images/restaurantes/vips0.png used on input line 315.
(pdftex.def)             Requested size: 135.5059pt x 240.89941pt.

<images/restaurantes/vips1.png, id=60, 542.025pt x 963.6pt>
File: images/restaurantes/vips1.png Graphic file (type png)

<use images/restaurantes/vips1.png>
Package pdftex.def Info: images/restaurantes/vips1.png used on input line 316.
(pdftex.def)             Requested size: 135.5059pt x 240.89941pt.

<images/restaurantes/vips2.png, id=61, 542.025pt x 963.6pt>
File: images/restaurantes/vips2.png Graphic file (type png)

<use images/restaurantes/vips2.png>
Package pdftex.def Info: images/restaurantes/vips2.png used on input line 317.
(pdftex.def)             Requested size: 135.5059pt x 240.89941pt.
 [5 <./images/restaurantes/vips0.png> <./images/restaurantes/vips1.png> <./imag
es/restaurantes/vips2.png>]
<images/restaurantes/pans0.png, id=65, 542.025pt x 963.6pt>
File: images/restaurantes/pans0.png Graphic file (type png)

<use images/restaurantes/pans0.png>
Package pdftex.def Info: images/restaurantes/pans0.png used on input line 353.
(pdftex.def)             Requested size: 135.5059pt x 240.89941pt.

<images/restaurantes/pans1.png, id=66, 542.025pt x 963.6pt>
File: images/restaurantes/pans1.png Graphic file (type png)

<use images/restaurantes/pans1.png>
Package pdftex.def Info: images/restaurantes/pans1.png used on input line 354.
(pdftex.def)             Requested size: 135.5059pt x 240.89941pt.

<images/restaurantes/pans2.png, id=67, 542.025pt x 963.6pt>
File: images/restaurantes/pans2.png Graphic file (type png)

<use images/restaurantes/pans2.png>
Package pdftex.def Info: images/restaurantes/pans2.png used on input line 355.
(pdftex.def)             Requested size: 135.5059pt x 240.89941pt.
 [6 <./images/restaurantes/pans0.png> <./images/restaurantes/pans1.png> <./imag
es/restaurantes/pans2.png>]
<images/restaurantes/foster0.png, id=71, 542.025pt x 963.6pt>
File: images/restaurantes/foster0.png Graphic file (type png)

<use images/restaurantes/foster0.png>
Package pdftex.def Info: images/restaurantes/foster0.png used on input line 381
.
(pdftex.def)             Requested size: 135.5059pt x 240.89941pt.

<images/restaurantes/foster1.png, id=72, 542.025pt x 963.6pt>
File: images/restaurantes/foster1.png Graphic file (type png)

<use images/restaurantes/foster1.png>
Package pdftex.def Info: images/restaurantes/foster1.png used on input line 382
.
(pdftex.def)             Requested size: 135.5059pt x 240.89941pt.

<images/restaurantes/foster2.png, id=73, 542.025pt x 963.6pt>
File: images/restaurantes/foster2.png Graphic file (type png)

<use images/restaurantes/foster2.png>
Package pdftex.def Info: images/restaurantes/foster2.png used on input line 383
.
(pdftex.def)             Requested size: 135.5059pt x 240.89941pt.
 [7 <./images/restaurantes/foster0.png> <./images/restaurantes/foster1.png> <./
images/restaurantes/foster2.png>] [8]
Underfull \hbox (badness 10000) in paragraph at lines 461--462

 []


Underfull \hbox (badness 10000) in paragraph at lines 463--464

 []


Underfull \hbox (badness 10000) in paragraph at lines 470--471

 []


Underfull \hbox (badness 10000) in paragraph at lines 472--473

 []


Underfull \hbox (badness 10000) in paragraph at lines 476--477

 []


Underfull \hbox (badness 10000) in paragraph at lines 478--479

 []

[9]
Underfull \hbox (badness 10000) in paragraph at lines 524--525

 []


Underfull \hbox (badness 10000) in paragraph at lines 537--538

 []

[10]
Underfull \hbox (badness 10000) in paragraph at lines 551--552

 []


Underfull \hbox (badness 10000) in paragraph at lines 553--554

 []

[11]
Cap\'{\i }tulo 2.
<images/kotlin.png, id=90, 1129.21875pt x 286.06876pt>
File: images/kotlin.png Graphic file (type png)
 <use images/kotlin.png>
Package pdftex.def Info: images/kotlin.png used on input line 581.
(pdftex.def)             Requested size: 338.76823pt x 85.82129pt.

[12

] <images/kotlinexample.PNG, id=96, 718.93594pt x 258.21469pt>
File: images/kotlinexample.PNG Graphic file (type png)

<use images/kotlinexample.PNG>
Package pdftex.def Info: images/kotlinexample.PNG used on input line 589.
(pdftex.def)             Requested size: 431.3649pt x 154.93pt.
 [13 <./images/kotlin.png> <./images/kotlinexample.PNG>] <images/firebase.png, 
id=102, 843.15pt x 273.02pt>
File: images/firebase.png Graphic file (type png)

<use images/firebase.png>
Package pdftex.def Info: images/firebase.png used on input line 620.
(pdftex.def)             Requested size: 252.94695pt x 81.90663pt.

Underfull \hbox (badness 10000) in paragraph at lines 627--628

 []

[14 <./images/firebase.png (PNG copy)>] [15]
Cap\'{\i }tulo 3.
[16

] [17]
Underfull \hbox (badness 10000) in paragraph at lines 765--766

 []


Underfull \hbox (badness 10000) in paragraph at lines 769--770

 []


Underfull \hbox (badness 10000) in paragraph at lines 773--774

 []


Underfull \hbox (badness 10000) in paragraph at lines 777--778

 []

<images/upeduFases.png, id=116, 566.115pt x 293.095pt>
File: images/upeduFases.png Graphic file (type png)

<use images/upeduFases.png>
Package pdftex.def Info: images/upeduFases.png used on input line 790.
(pdftex.def)             Requested size: 424.5852pt x 219.8207pt.


LaTeX Warning: `h' float specifier changed to `ht'.


Underfull \hbox (badness 10000) in paragraph at lines 799--800

 []

[18]
Underfull \hbox (badness 10000) in paragraph at lines 803--804

 []


Underfull \hbox (badness 10000) in paragraph at lines 809--810

 []


Underfull \hbox (badness 10000) in paragraph at lines 815--816

 []

[19 <./images/upeduFases.png>]
Underfull \hbox (badness 10000) in paragraph at lines 838--839

 []

<images/gantt/ite0.jpg, id=124, 2038.61626pt x 577.15625pt>
File: images/gantt/ite0.jpg Graphic file (type jpg)

<use images/gantt/ite0.jpg>
Package pdftex.def Info: images/gantt/ite0.jpg used on input line 844.
(pdftex.def)             Requested size: 497.92558pt x 256.08075pt.
 [20 <./images/gantt/ite0.jpg>]
Underfull \hbox (badness 10000) in paragraph at lines 877--878

 []

<images/gantt/ite1.jpg, id=128, 644.4075pt x 240.9pt>
File: images/gantt/ite1.jpg Graphic file (type jpg)

<use images/gantt/ite1.jpg>
Package pdftex.def Info: images/gantt/ite1.jpg used on input line 890.
(pdftex.def)             Requested size: 497.92325pt x 186.14786pt.
 [21 <./images/gantt/ite1.jpg>]
<images/gantt/ite2.jpg, id=133, 541.02126pt x 168.63pt>
File: images/gantt/ite2.jpg Graphic file (type jpg)

<use images/gantt/ite2.jpg>
Package pdftex.def Info: images/gantt/ite2.jpg used on input line 920.
(pdftex.def)             Requested size: 497.92325pt x 155.20065pt.

Underfull \hbox (badness 10000) in paragraph at lines 943--944

 []

<images/gantt/ite3.jpg, id=134, 806.01125pt x 96.36pt>
File: images/gantt/ite3.jpg Graphic file (type jpg)

<use images/gantt/ite3.jpg>
Package pdftex.def Info: images/gantt/ite3.jpg used on input line 949.
(pdftex.def)             Requested size: 497.9262pt x 85.35724pt.


LaTeX Warning: `h' float specifier changed to `ht'.

[22 <./images/gantt/ite2.jpg>]
<images/gantt/ite4.jpg, id=138, 489.83pt x 120.45pt>
File: images/gantt/ite4.jpg Graphic file (type jpg)

<use images/gantt/ite4.jpg>
Package pdftex.def Info: images/gantt/ite4.jpg used on input line 978.
(pdftex.def)             Requested size: 497.92325pt x 122.44382pt.

Underfull \hbox (badness 10000) in paragraph at lines 1001--1002

 []

<images/gantt/ite5.jpg, id=139, 547.04375pt x 120.45pt>
File: images/gantt/ite5.jpg Graphic file (type jpg)

<use images/gantt/ite5.jpg>
Package pdftex.def Info: images/gantt/ite5.jpg used on input line 1007.
(pdftex.def)             Requested size: 497.92325pt x 109.63539pt.


LaTeX Warning: `h' float specifier changed to `ht'.

[23 <./images/gantt/ite3.jpg> <./images/gantt/ite4.jpg>] [24 <./images/gantt/it
e5.jpg>] [25] [26] [27]
LaTeX Font Info:    Font shape `OT1/phv/bx/it' in size <10> not available
(Font)              Font shape `OT1/phv/b/it' tried instead on input line 1196.

LaTeX Font Info:    Font shape `OT1/phv/b/it' in size <10> not available
(Font)              Font shape `OT1/phv/b/sl' tried instead on input line 1196.


Overfull \hbox (8.32106pt too wide) in paragraph at lines 1200--1206
 [] 
 []

[28] [29]
\c@functionalRequirements=\count173

Underfull \hbox (badness 10000) in paragraph at lines 1355--1356

 []

[30]
Underfull \hbox (badness 10000) in paragraph at lines 1357--1361

 []


Underfull \hbox (badness 10000) in paragraph at lines 1364--1368

 []


Underfull \hbox (badness 10000) in paragraph at lines 1371--1375

 []


Underfull \hbox (badness 10000) in paragraph at lines 1378--1382

 []


Underfull \hbox (badness 10000) in paragraph at lines 1385--1389

 []


Underfull \hbox (badness 10000) in paragraph at lines 1392--1396

 []


Underfull \hbox (badness 10000) in paragraph at lines 1399--1403

 []


Underfull \hbox (badness 10000) in paragraph at lines 1406--1410

 []


Underfull \hbox (badness 10000) in paragraph at lines 1413--1417

 []


Underfull \hbox (badness 10000) in paragraph at lines 1420--1424

 []


Underfull \hbox (badness 10000) in paragraph at lines 1427--1431

 []


Underfull \hbox (badness 10000) in paragraph at lines 1434--1438

 []


Underfull \hbox (badness 10000) in paragraph at lines 1441--1445

 []


Underfull \hbox (badness 10000) in paragraph at lines 1448--1452

 []


Underfull \hbox (badness 10000) in paragraph at lines 1455--1459

 []

[31]
Underfull \hbox (badness 10000) in paragraph at lines 1462--1466

 []


Underfull \hbox (badness 10000) in paragraph at lines 1469--1473

 []


Underfull \hbox (badness 10000) in paragraph at lines 1476--1480

 []


Underfull \hbox (badness 10000) in paragraph at lines 1483--1487

 []


Underfull \hbox (badness 10000) in paragraph at lines 1490--1491

 []


Underfull \hbox (badness 10000) in paragraph at lines 1493--1497

 []


Underfull \hbox (badness 10000) in paragraph at lines 1500--1504

 []


Underfull \hbox (badness 10000) in paragraph at lines 1507--1511

 []


Underfull \hbox (badness 10000) in paragraph at lines 1514--1518

 []


Underfull \hbox (badness 10000) in paragraph at lines 1521--1525

 []


Underfull \hbox (badness 10000) in paragraph at lines 1528--1532

 []


Underfull \hbox (badness 10000) in paragraph at lines 1535--1539

 []


Underfull \hbox (badness 10000) in paragraph at lines 1542--1546

 []


Underfull \hbox (badness 10000) in paragraph at lines 1549--1553

 []


Underfull \hbox (badness 10000) in paragraph at lines 1556--1560

 []


Underfull \hbox (badness 10000) in paragraph at lines 1561--1565

 []

[32]
Underfull \hbox (badness 10000) in paragraph at lines 1566--1570

 []


Underfull \hbox (badness 10000) in paragraph at lines 1573--1574

 []


Underfull \hbox (badness 10000) in paragraph at lines 1575--1579

 []


Underfull \hbox (badness 10000) in paragraph at lines 1582--1586

 []


Underfull \hbox (badness 10000) in paragraph at lines 1589--1590

 []


Underfull \hbox (badness 10000) in paragraph at lines 1591--1595

 []


Underfull \hbox (badness 10000) in paragraph at lines 1598--1602

 []


Underfull \hbox (badness 10000) in paragraph at lines 1605--1609

 []


Underfull \hbox (badness 10000) in paragraph at lines 1612--1616

 []


Underfull \hbox (badness 10000) in paragraph at lines 1619--1623

 []


Underfull \hbox (badness 10000) in paragraph at lines 1626--1627

 []


Underfull \hbox (badness 10000) in paragraph at lines 1628--1632

 []


Underfull \hbox (badness 10000) in paragraph at lines 1635--1639

 []


Underfull \hbox (badness 10000) in paragraph at lines 1642--1646

 []


Underfull \hbox (badness 10000) in paragraph at lines 1649--1653

 []

[33]
Underfull \hbox (badness 10000) in paragraph at lines 1656--1657

 []


Underfull \hbox (badness 10000) in paragraph at lines 1658--1679

 []


Underfull \hbox (badness 10000) in paragraph at lines 1682--1693

 []


Underfull \hbox (badness 10000) in paragraph at lines 1696--1709

 []


Underfull \hbox (badness 10000) in paragraph at lines 1712--1723

 []


Underfull \hbox (badness 10000) in paragraph at lines 1726--1741

 []

[34]
Underfull \hbox (badness 10000) in paragraph at lines 1744--1756

 []


Underfull \hbox (badness 10000) in paragraph at lines 1761--1762

 []

\c@nonFunctionalRequirements=\count174

Underfull \hbox (badness 10000) in paragraph at lines 1764--1768

 []


Underfull \hbox (badness 10000) in paragraph at lines 1771--1775

 []


Underfull \hbox (badness 10000) in paragraph at lines 1778--1782

 []


Underfull \hbox (badness 10000) in paragraph at lines 1785--1786

 []


Underfull \hbox (badness 10000) in paragraph at lines 1787--1791

 []


Underfull \hbox (badness 10000) in paragraph at lines 1794--1798

 []


Underfull \hbox (badness 10000) in paragraph at lines 1801--1805

 []


Underfull \hbox (badness 10000) in paragraph at lines 1808--1812

 []

[35]
Underfull \hbox (badness 10000) in paragraph at lines 1815--1819

 []


Underfull \hbox (badness 10000) in paragraph at lines 1822--1823

 []


Underfull \hbox (badness 10000) in paragraph at lines 1824--1828

 []


Underfull \hbox (badness 10000) in paragraph at lines 1831--1835

 []


Underfull \hbox (badness 10000) in paragraph at lines 1838--1842

 []


Underfull \hbox (badness 10000) in paragraph at lines 1845--1849

 []


Underfull \hbox (badness 10000) in paragraph at lines 1852--1856

 []


Underfull \hbox (badness 10000) in paragraph at lines 1859--1863

 []


Underfull \hbox (badness 10000) in paragraph at lines 1866--1870

 []


Underfull \hbox (badness 10000) in paragraph at lines 1873--1877

 []


Underfull \hbox (badness 10000) in paragraph at lines 1880--1884

 []


Underfull \hbox (badness 10000) in paragraph at lines 1887--1888

 []


Underfull \hbox (badness 10000) in paragraph at lines 1889--1893

 []


Underfull \hbox (badness 10000) in paragraph at lines 1896--1900

 []


Underfull \hbox (badness 10000) in paragraph at lines 1901--1905

 []

[36]
Underfull \hbox (badness 10000) in paragraph at lines 1911--1915

 []


Underfull \hbox (badness 10000) in paragraph at lines 1918--1919

 []


Underfull \hbox (badness 10000) in paragraph at lines 1920--1924

 []


Underfull \hbox (badness 10000) in paragraph at lines 1927--1931

 []


Underfull \hbox (badness 10000) in paragraph at lines 1934--1938

 []


Underfull \hbox (badness 10000) in paragraph at lines 1941--1942

 []


Underfull \hbox (badness 10000) in paragraph at lines 1943--1951

 []


Underfull \hbox (badness 10000) in paragraph at lines 1954--1963

 []

<images/usecase0.png, id=189, 895.84688pt x 642.90187pt>
File: images/usecase0.png Graphic file (type png)

<use images/usecase0.png>
Package pdftex.def Info: images/usecase0.png used on input line 1970.
(pdftex.def)             Requested size: 421.0481pt x 302.16393pt.
 [37]
<images/usecase1.png, id=193, 1084.80281pt x 504.38437pt>
File: images/usecase1.png Graphic file (type png)

<use images/usecase1.png>
Package pdftex.def Info: images/usecase1.png used on input line 1977.
(pdftex.def)             Requested size: 509.85739pt x 237.06068pt.

Overfull \hbox (11.93414pt too wide) in paragraph at lines 1977--1978
 [] 
 []

[38 <./images/usecase0.png> <./images/usecase1.png>]
\c@usecase=\count175

Underfull \hbox (badness 10000) in paragraph at lines 1995--2018

 []


Underfull \hbox (badness 10000) in paragraph at lines 2021--2044

 []

[39]
Underfull \hbox (badness 10000) in paragraph at lines 2047--2069

 []

[40]
Underfull \hbox (badness 10000) in paragraph at lines 2072--2094

 []


Underfull \hbox (badness 10000) in paragraph at lines 2097--2117

 []

[41]
Underfull \hbox (badness 10000) in paragraph at lines 2120--2152

 []

[42]
Underfull \hbox (badness 10000) in paragraph at lines 2155--2173

 []

[43]
Underfull \hbox (badness 10000) in paragraph at lines 2176--2198

 []

[44]
Underfull \hbox (badness 10000) in paragraph at lines 2201--2220

 []

[45]
Underfull \hbox (badness 10000) in paragraph at lines 2223--2243

 []


Underfull \hbox (badness 10000) in paragraph at lines 2246--2266

 []

[46]
Underfull \hbox (badness 10000) in paragraph at lines 2269--2282

 []


Underfull \hbox (badness 10000) in paragraph at lines 2285--2298

 []


Underfull \hbox (badness 10000) in paragraph at lines 2301--2314

 []

[47]
Underfull \hbox (badness 10000) in paragraph at lines 2317--2330

 []


Underfull \hbox (badness 10000) in paragraph at lines 2333--2353

 []


Underfull \hbox (badness 10000) in paragraph at lines 2356--2375

 []

[48]
Underfull \hbox (badness 10000) in paragraph at lines 2378--2398

 []


Underfull \hbox (badness 10000) in paragraph at lines 2401--2425

 []

[49]
Underfull \hbox (badness 10000) in paragraph at lines 2428--2448

 []


Underfull \hbox (badness 10000) in paragraph at lines 2451--2473

 []

[50]
Underfull \hbox (badness 10000) in paragraph at lines 2476--2489

 []


Underfull \hbox (badness 10000) in paragraph at lines 2492--2505

 []

[51]
Underfull \hbox (badness 10000) in paragraph at lines 2508--2529

 []

[52] <images/structureHighLevel.png, id=245, 712.16063pt x 636.12656pt>
File: images/structureHighLevel.png Graphic file (type png)

<use images/structureHighLevel.png>
Package pdftex.def Info: images/structureHighLevel.png used on input line 2708.

(pdftex.def)             Requested size: 356.07944pt x 318.0625pt.
 [53 <./images/structureHighLevel.png>]
<images/structureModel.PNG, id=250, 882.29625pt x 295.1025pt>
File: images/structureModel.PNG Graphic file (type png)

<use images/structureModel.PNG>
Package pdftex.def Info: images/structureModel.PNG used on input line 2718.
(pdftex.def)             Requested size: 497.91942pt x 199.17207pt.

<images/structureloginGameModel.PNG, id=251, 945.5325pt x 192.72pt>
File: images/structureloginGameModel.PNG Graphic file (type png)

<use images/structureloginGameModel.PNG>
Package pdftex.def Info: images/structureloginGameModel.PNG used on input line 
2724.
(pdftex.def)             Requested size: 398.34729pt x 113.80966pt.

<images/structureMainActivity.PNG, id=252, 980.66376pt x 562.1pt>
File: images/structureMainActivity.PNG Graphic file (type png)

<use images/structureMainActivity.PNG>
Package pdftex.def Info: images/structureMainActivity.PNG used on input line 27
30.
(pdftex.def)             Requested size: 497.91727pt x 284.52296pt.
 [54

 <./images/structureModel.PNG> <./images/structureloginGameModel.PNG>]
<images/structureMissions.PNG, id=258, 908.39375pt x 527.9725pt>
File: images/structureMissions.PNG Graphic file (type png)

<use images/structureMissions.PNG>
Package pdftex.def Info: images/structureMissions.PNG used on input line 2736.
(pdftex.def)             Requested size: 497.92708pt x 284.52086pt.

<images/structureTeam.PNG, id=259, 986.68625pt x 443.6575pt>
File: images/structureTeam.PNG Graphic file (type png)

<use images/structureTeam.PNG>
Package pdftex.def Info: images/structureTeam.PNG used on input line 2743.
(pdftex.def)             Requested size: 448.12994pt x 284.522pt.
 [55 <./images/structureMainActivity.PNG> <./images/structureMissions.PNG>] [56
 <./images/structureTeam.PNG>]
Underfull \hbox (badness 10000) in paragraph at lines 2768--2769

 []

<images/databaseNRteams.png, id=269, 770.88pt x 555.57562pt>
File: images/databaseNRteams.png Graphic file (type png)

<use images/databaseNRteams.png>
Package pdftex.def Info: images/databaseNRteams.png used on input line 2774.
(pdftex.def)             Requested size: 385.43906pt x 277.78712pt.

<images/databaseNRusers.png, id=270, 880.03781pt x 781.41937pt>
File: images/databaseNRusers.png Graphic file (type png)

<use images/databaseNRusers.png>
Package pdftex.def Info: images/databaseNRusers.png used on input line 2781.
(pdftex.def)             Requested size: 440.01782pt x 390.70872pt.
 [57 <./images/databaseNRteams.png>]
<images/databaseRoom.png, id=276, 786.68906pt x 452.4403pt>
File: images/databaseRoom.png Graphic file (type png)

<use images/databaseRoom.png>
Package pdftex.def Info: images/databaseRoom.png used on input line 2793.
(pdftex.def)             Requested size: 393.34357pt x 226.2196pt.
 [58 <./images/databaseNRusers.png>]
<images/deploymentModel.png, id=281, 972.63374pt x 584.1825pt>
File: images/deploymentModel.png Graphic file (type png)

<use images/deploymentModel.png>
Package pdftex.def Info: images/deploymentModel.png used on input line 2801.
(pdftex.def)             Requested size: 486.31567pt x 292.09053pt.
 [59 <./images/databaseRoom.png> <./images/deploymentModel.png>] [60] [61] [62]
 [63] [64] [65]
Underfull \hbox (badness 10000) in paragraph at lines 3085--3086

 []


Underfull \hbox (badness 10000) in paragraph at lines 3099--3100

 []

[66] [67] <images/restAPI.png, id=312, 767.86874pt x 266.49562pt>
File: images/restAPI.png Graphic file (type png)

<use images/restAPI.png>
Package pdftex.def Info: images/restAPI.png used on input line 3186.
(pdftex.def)             Requested size: 497.92325pt x 172.81346pt.
\c@test=\count176
 [68 <./images/restAPI.png>]
Underfull \hbox (badness 10000) in paragraph at lines 3210--3215

 []


Underfull \hbox (badness 10000) in paragraph at lines 3218--3224

 []


Underfull \hbox (badness 10000) in paragraph at lines 3227--3233

 []


Underfull \hbox (badness 10000) in paragraph at lines 3236--3241

 []


Underfull \hbox (badness 10000) in paragraph at lines 3244--3249

 []


Underfull \hbox (badness 10000) in paragraph at lines 3252--3258

 []

[69]
Underfull \hbox (badness 10000) in paragraph at lines 3261--3267

 []


Underfull \hbox (badness 10000) in paragraph at lines 3271--3276

 []


Underfull \hbox (badness 10000) in paragraph at lines 3279--3285

 []


Underfull \hbox (badness 10000) in paragraph at lines 3288--3294

 []


Underfull \hbox (badness 10000) in paragraph at lines 3297--3302

 []


Underfull \hbox (badness 10000) in paragraph at lines 3305--3311

 []

[70]
Underfull \hbox (badness 10000) in paragraph at lines 3314--3320

 []


Underfull \hbox (badness 10000) in paragraph at lines 3323--3328

 []


Underfull \hbox (badness 10000) in paragraph at lines 3331--3336

 []


Underfull \hbox (badness 10000) in paragraph at lines 3339--3344

 []


Underfull \hbox (badness 10000) in paragraph at lines 3347--3352

 []


Underfull \hbox (badness 10000) in paragraph at lines 3355--3360

 []


Underfull \hbox (badness 10000) in paragraph at lines 3363--3368

 []


Underfull \hbox (badness 10000) in paragraph at lines 3371--3376

 []


Underfull \hbox (badness 10000) in paragraph at lines 3379--3384

 []

[71]
Underfull \hbox (badness 10000) in paragraph at lines 3387--3393

 []


Underfull \hbox (badness 10000) in paragraph at lines 3396--3402

 []


Underfull \hbox (badness 10000) in paragraph at lines 3405--3410

 []


Underfull \hbox (badness 10000) in paragraph at lines 3413--3418

 []


Underfull \hbox (badness 10000) in paragraph at lines 3421--3427

 []


Underfull \hbox (badness 10000) in paragraph at lines 3430--3436

 []

[72]
Underfull \hbox (badness 10000) in paragraph at lines 3452--3453

 []

<images/userguide/0.png, id=331, 614.295pt x 1093.08376pt>
File: images/userguide/0.png Graphic file (type png)

<use images/userguide/0.png>
Package pdftex.def Info: images/userguide/0.png used on input line 3458.
(pdftex.def)             Requested size: 122.85681pt x 218.61287pt.
 [73 <./images/userguide/0.png>]
<images/userguide/1.png, id=336, 614.295pt x 1093.08376pt>
File: images/userguide/1.png Graphic file (type png)

<use images/userguide/1.png>
Package pdftex.def Info: images/userguide/1.png used on input line 3475.
(pdftex.def)             Requested size: 122.85681pt x 218.61287pt.

<images/userguide/2.png, id=337, 614.295pt x 1093.08376pt>
File: images/userguide/2.png Graphic file (type png)

<use images/userguide/2.png>
Package pdftex.def Info: images/userguide/2.png used on input line 3479.
(pdftex.def)             Requested size: 122.85681pt x 218.61287pt.

<images/userguide/3.png, id=338, 614.295pt x 1093.08376pt>
File: images/userguide/3.png Graphic file (type png)

<use images/userguide/3.png>
Package pdftex.def Info: images/userguide/3.png used on input line 3483.
(pdftex.def)             Requested size: 122.85681pt x 218.61287pt.

<images/userguide/4.png, id=339, 614.295pt x 1093.08376pt>
File: images/userguide/4.png Graphic file (type png)

<use images/userguide/4.png>
Package pdftex.def Info: images/userguide/4.png used on input line 3506.
(pdftex.def)             Requested size: 122.85681pt x 218.61287pt.
 [74 <./images/userguide/1.png> <./images/userguide/2.png> <./images/userguide/
3.png>]
<images/userguide/5.png, id=346, 614.295pt x 1093.08376pt>
File: images/userguide/5.png Graphic file (type png)

<use images/userguide/5.png>
Package pdftex.def Info: images/userguide/5.png used on input line 3514.
(pdftex.def)             Requested size: 122.85681pt x 218.61287pt.

<images/userguide/6.png, id=347, 614.295pt x 1093.08376pt>
File: images/userguide/6.png Graphic file (type png)

<use images/userguide/6.png>
Package pdftex.def Info: images/userguide/6.png used on input line 3518.
(pdftex.def)             Requested size: 122.85681pt x 218.61287pt.

<images/userguide/7.png, id=348, 614.295pt x 1093.08376pt>
File: images/userguide/7.png Graphic file (type png)

<use images/userguide/7.png>
Package pdftex.def Info: images/userguide/7.png used on input line 3528.
(pdftex.def)             Requested size: 122.85681pt x 218.61287pt.

<images/userguide/8.png, id=349, 614.295pt x 1093.08376pt>
File: images/userguide/8.png Graphic file (type png)

<use images/userguide/8.png>
Package pdftex.def Info: images/userguide/8.png used on input line 3532.
(pdftex.def)             Requested size: 122.85681pt x 218.61287pt.
 [75 <./images/userguide/4.png> <./images/userguide/5.png> <./images/userguide/
6.png>]
<images/userguide/9.png, id=357, 614.295pt x 1093.08376pt>
File: images/userguide/9.png Graphic file (type png)

<use images/userguide/9.png>
Package pdftex.def Info: images/userguide/9.png used on input line 3542.
(pdftex.def)             Requested size: 122.85681pt x 218.61287pt.

<images/userguide/10.png, id=358, 614.295pt x 1093.08376pt>
File: images/userguide/10.png Graphic file (type png)

<use images/userguide/10.png>
Package pdftex.def Info: images/userguide/10.png used on input line 3546.
(pdftex.def)             Requested size: 122.85681pt x 218.61287pt.

<images/userguide/11.png, id=359, 614.295pt x 1093.08376pt>
File: images/userguide/11.png Graphic file (type png)

<use images/userguide/11.png>
Package pdftex.def Info: images/userguide/11.png used on input line 3558.
(pdftex.def)             Requested size: 122.85681pt x 218.61287pt.

<images/userguide/12.png, id=360, 614.295pt x 1093.08376pt>
File: images/userguide/12.png Graphic file (type png)

<use images/userguide/12.png>
Package pdftex.def Info: images/userguide/12.png used on input line 3562.
(pdftex.def)             Requested size: 122.85681pt x 218.61287pt.

<images/userguide/13.png, id=361, 614.295pt x 1093.08376pt>
File: images/userguide/13.png Graphic file (type png)

<use images/userguide/13.png>
Package pdftex.def Info: images/userguide/13.png used on input line 3566.
(pdftex.def)             Requested size: 122.85681pt x 218.61287pt.
 [76 <./images/userguide/7.png> <./images/userguide/8.png> <./images/userguide/
9.png> <./images/userguide/10.png>]
<images/userguide/14.png, id=369, 614.295pt x 1093.08376pt>
File: images/userguide/14.png Graphic file (type png)

<use images/userguide/14.png>
Package pdftex.def Info: images/userguide/14.png used on input line 3579.
(pdftex.def)             Requested size: 122.85681pt x 218.61287pt.

<images/userguide/15.png, id=370, 614.295pt x 1093.08376pt>
File: images/userguide/15.png Graphic file (type png)

<use images/userguide/15.png>
Package pdftex.def Info: images/userguide/15.png used on input line 3583.
(pdftex.def)             Requested size: 122.85681pt x 218.61287pt.

<images/userguide/16.png, id=371, 614.295pt x 1093.08376pt>
File: images/userguide/16.png Graphic file (type png)

<use images/userguide/16.png>
Package pdftex.def Info: images/userguide/16.png used on input line 3587.
(pdftex.def)             Requested size: 122.85681pt x 218.61287pt.
 [77 <./images/userguide/11.png> <./images/userguide/12.png> <./images/userguid
e/13.png> <./images/userguide/14.png> <./images/userguide/15.png> <./images/use
rguide/16.png>]
<images/userguide/15a.png, id=381, 614.295pt x 1093.08376pt>
File: images/userguide/15a.png Graphic file (type png)

<use images/userguide/15a.png>
Package pdftex.def Info: images/userguide/15a.png used on input line 3614.
(pdftex.def)             Requested size: 122.85681pt x 218.61287pt.

<images/userguide/17.png, id=382, 614.295pt x 1093.08376pt>
File: images/userguide/17.png Graphic file (type png)

<use images/userguide/17.png>
Package pdftex.def Info: images/userguide/17.png used on input line 3618.
(pdftex.def)             Requested size: 122.85681pt x 218.61287pt.

<images/userguide/18.png, id=383, 614.295pt x 1093.08376pt>
File: images/userguide/18.png Graphic file (type png)

<use images/userguide/18.png>
Package pdftex.def Info: images/userguide/18.png used on input line 3622.
(pdftex.def)             Requested size: 122.85681pt x 218.61287pt.

<images/userguide/19.png, id=384, 614.295pt x 1093.08376pt>
File: images/userguide/19.png Graphic file (type png)

<use images/userguide/19.png>
Package pdftex.def Info: images/userguide/19.png used on input line 3632.
(pdftex.def)             Requested size: 122.85681pt x 218.61287pt.

<images/userguide/20.png, id=385, 614.295pt x 1093.08376pt>
File: images/userguide/20.png Graphic file (type png)

<use images/userguide/20.png>
Package pdftex.def Info: images/userguide/20.png used on input line 3636.
(pdftex.def)             Requested size: 122.85681pt x 218.61287pt.
 [78 <./images/userguide/15a.png> <./images/userguide/17.png> <./images/usergui
de/18.png>]
<images/userguide/21.png, id=392, 614.295pt x 1093.08376pt>
File: images/userguide/21.png Graphic file (type png)

<use images/userguide/21.png>
Package pdftex.def Info: images/userguide/21.png used on input line 3647.
(pdftex.def)             Requested size: 122.85681pt x 218.61287pt.

<images/userguide/22.png, id=393, 614.295pt x 1093.08376pt>
File: images/userguide/22.png Graphic file (type png)

<use images/userguide/22.png>
Package pdftex.def Info: images/userguide/22.png used on input line 3651.
(pdftex.def)             Requested size: 122.85681pt x 218.61287pt.

<images/userguide/23.png, id=394, 614.295pt x 1093.08376pt>
File: images/userguide/23.png Graphic file (type png)

<use images/userguide/23.png>
Package pdftex.def Info: images/userguide/23.png used on input line 3663.
(pdftex.def)             Requested size: 122.85681pt x 218.61287pt.

<images/userguide/24.png, id=395, 614.295pt x 1093.08376pt>
File: images/userguide/24.png Graphic file (type png)

<use images/userguide/24.png>
Package pdftex.def Info: images/userguide/24.png used on input line 3667.
(pdftex.def)             Requested size: 122.85681pt x 218.61287pt.
 [79 <./images/userguide/19.png> <./images/userguide/20.png> <./images/userguid
e/21.png> <./images/userguide/22.png>]
<images/userguide/25.png, id=403, 614.295pt x 1093.08376pt>
File: images/userguide/25.png Graphic file (type png)

<use images/userguide/25.png>
Package pdftex.def Info: images/userguide/25.png used on input line 3677.
(pdftex.def)             Requested size: 122.85681pt x 218.61287pt.
LaTeX Font Info:    Font shape `OT1/phv/m/it' in size <9> not available
(Font)              Font shape `OT1/phv/m/sl' tried instead on input line 3678.


<images/userguide/26.png, id=404, 614.295pt x 1093.08376pt>
File: images/userguide/26.png Graphic file (type png)

<use images/userguide/26.png>
Package pdftex.def Info: images/userguide/26.png used on input line 3681.
(pdftex.def)             Requested size: 122.85681pt x 218.61287pt.

<images/userguide/27.png, id=405, 614.295pt x 1093.08376pt>
File: images/userguide/27.png Graphic file (type png)

<use images/userguide/27.png>
Package pdftex.def Info: images/userguide/27.png used on input line 3685.
(pdftex.def)             Requested size: 122.85681pt x 218.61287pt.

<images/userguide/28.png, id=406, 614.295pt x 1093.08376pt>
File: images/userguide/28.png Graphic file (type png)

<use images/userguide/28.png>
Package pdftex.def Info: images/userguide/28.png used on input line 3695.
(pdftex.def)             Requested size: 122.85681pt x 218.61287pt.

<images/userguide/29.png, id=407, 614.295pt x 1093.08376pt>
File: images/userguide/29.png Graphic file (type png)

<use images/userguide/29.png>
Package pdftex.def Info: images/userguide/29.png used on input line 3699.
(pdftex.def)             Requested size: 122.85681pt x 218.61287pt.

<images/userguide/30.png, id=408, 614.295pt x 1093.08376pt>
File: images/userguide/30.png Graphic file (type png)

<use images/userguide/30.png>
Package pdftex.def Info: images/userguide/30.png used on input line 3703.
(pdftex.def)             Requested size: 122.85681pt x 218.61287pt.
 [80 <./images/userguide/23.png> <./images/userguide/24.png> <./images/userguid
e/25.png> <./images/userguide/26.png> <./images/userguide/27.png>] <images/user
guide/31.png, id=417, 614.295pt x 1093.08376pt>
File: images/userguide/31.png Graphic file (type png)

<use images/userguide/31.png>
Package pdftex.def Info: images/userguide/31.png used on input line 3712.
(pdftex.def)             Requested size: 122.85681pt x 218.61287pt.
 [81 <./images/userguide/28.png> <./images/userguide/29.png> <./images/userguid
e/30.png> <./images/userguide/31.png>]
Cap\'{\i }tulo 4.
[82

]
Cap\'{\i }tulo 5.
[83

]
Underfull \hbox (badness 10000) in paragraph at lines 3763--3764
[]\OT1/phv/m/sc/10 Omnium Ga-mes. \OT1/phv/m/sl/10 BB-VA Ga-me: El ma-yor ca-so
 de []exi-to de la lu-di-fi-ca-ci[]on en Es-
 []


Underfull \hbox (badness 10000) in paragraph at lines 3763--3764
\OT1/phv/m/sl/10 pa[]na.\OT1/phv/m/n/10 , Fe-cha de []ulti-ma vi-si-ta: 21 de N
o-viem-bre de 2017 $\OT1/cmtt/m/n/10 http : / / omniumgames . com /
 []


Underfull \hbox (badness 10000) in paragraph at lines 3765--3766
[]\OT1/phv/m/sc/10 Ferran Al-ta-rri-ba Ber-tran. IEBS School \OT1/phv/m/sl/10 T
i-pos de ju-ga-do-res en Ga-mi-fi-ca-tion: teor[]^^Pa
 []


Underfull \hbox (badness 10000) in paragraph at lines 3765--3766
\OT1/phv/m/sl/10 Bartle\OT1/phv/m/n/10 . Fe-cha de []ulti-ma vi-si-ta: 6 de No-
viem-bre de 2017, $\OT1/cmtt/m/n/10 http : / / www . iebschool . com / blog /
 []


Underfull \hbox (badness 1648) in paragraph at lines 3771--3772
[]\OT1/phv/m/sc/10 KFC\OT1/phv/m/n/10 ,\OT1/phv/m/sl/10 Aplicaci[]on m[]ovil KF
C pa-ra An-droid $\OT1/cmtt/m/n/10 https : / / play . google . com / store / ap
ps / details ? id = es . kfc .
 []


Underfull \hbox (badness 5119) in paragraph at lines 3773--3774
[]\OT1/phv/m/sc/10 VIPS\OT1/phv/m/n/10 ,\OT1/phv/m/sl/10 Aplicaci[]on m[]ovil V
IPS pa-ra An-droid $\OT1/cmtt/m/n/10 https : / / play . google . com / store / 
apps / details ? id = com .
 []


Underfull \hbox (badness 1365) in paragraph at lines 3785--3786
[]\OT1/phv/m/sc/10 McDonalds\OT1/phv/m/n/10 . Mo-no-poly Ga-na-dor de Mc-Do-nal
ds Fe-cha de []ulti-ma vi-si-ta: 20/01/2018 $\OT1/cmtt/m/n/10 https : / / www .

 []

[84

]
Underfull \hbox (badness 10000) in paragraph at lines 3801--3802
[]\OT1/phv/m/sc/10 Zhitnitsky, Alex\OT1/phv/m/n/10 . The Top 10 Ex-cep-tion Ty-
pes in Pro-duc-tion Ja-va Ap-pli-ca-tions -
 []


Underfull \hbox (badness 10000) in paragraph at lines 3801--3802
\OT1/phv/m/n/10 Ba-sed on 1B Events. Fe-cha de []ulti-ma vi-si-ta: 08/02/2018 $
\OT1/cmtt/m/n/10 https : / / blog . takipi . com /
 []


Underfull \hbox (badness 3930) in paragraph at lines 3817--3818
[]\OT1/phv/m/sc/10 Penz, Mi-ke \OT1/phv/m/n/10 Ma-te-rial-Dra-wer. Fe-cha de []
ulti-ma vi-si-ta 01/02/2018. $\OT1/cmtt/m/n/10 https : / / github . com / mikep
enz /
 []


Underfull \hbox (badness 2293) in paragraph at lines 3831--3833
[]\OT1/phv/m/sc/10 Google Play Ser-vi-ces: Aut-hen-ti-ca-tion \OT1/phv/m/n/10 D
o-cu-men-ta-ci[]on de Goo-gle Play Ser-vi-ces Aut-hen-ti-ca-
 []

[85] [86] [87] [88

]
LaTeX Font Info:    Font shape `OT1/phv/bx/it' in size <14.4> not available
(Font)              Font shape `OT1/phv/b/it' tried instead on input line 3908.

LaTeX Font Info:    Font shape `OT1/phv/b/it' in size <14.4> not available
(Font)              Font shape `OT1/phv/b/sl' tried instead on input line 3908.

LaTeX Font Info:    Font shape `OMS/phv/m/n' in size <8> not available
(Font)              Font shape `OMS/cmsy/m/n' tried instead on input line 3912.


Underfull \hbox (badness 10000) in paragraph at lines 3933--3934

 []

[89

]
LaTeX Font Info:    Try loading font information for OML+phv on input line 3953
.
 (/usr/share/texlive/texmf-dist/tex/latex/psnfss/omlphv.fd
File: omlphv.fd 
)
LaTeX Font Info:    Font shape `OML/phv/m/n' in size <8> not available
(Font)              Font shape `OML/cmm/m/it' tried instead on input line 3953.

 [90

]
(./route66.aux
LaTeX Info: Redefining \. on input line 7.
LaTeX Info: Redefining \% on input line 7.
) ) 
Here is how much of TeX's memory you used:
 9019 strings out of 494850
 126091 string characters out of 6178024
 337082 words of memory out of 5000000
 12039 multiletter control sequences out of 15000+600000
 45604 words of font info for 81 fonts, out of 8000000 for 9000
 62 hyphenation exceptions out of 8191
 42i,12n,47p,1240b,1261s stack positions out of 5000i,500n,10000p,200000b,80000s
{/usr/share/texlive/texmf-dist/fonts/enc/dvips/base/8r.enc}</usr/share/texli
ve/texmf-dist/fonts/type1/public/amsfonts/cm/cmmi10.pfb></usr/share/texlive/tex
mf-dist/fonts/type1/public/amsfonts/cm/cmmi8.pfb></usr/share/texlive/texmf-dist
/fonts/type1/public/amsfonts/cm/cmr7.pfb></usr/share/texlive/texmf-dist/fonts/t
ype1/public/amsfonts/cm/cmsy10.pfb></usr/share/texlive/texmf-dist/fonts/type1/p
ublic/amsfonts/cm/cmsy8.pfb></usr/share/texlive/texmf-dist/fonts/type1/public/a
msfonts/cm/cmtt10.pfb></usr/share/texlive/texmf-dist/fonts/type1/public/amsfont
s/cm/cmtt8.pfb></usr/share/texlive/texmf-dist/fonts/type1/public/eurosym/feybr1
0.pfb></usr/share/texlive/texmf-dist/fonts/type1/public/eurosym/feymr10.pfb></u
sr/share/texlive/texmf-dist/fonts/type1/public/amsfonts/symbols/msam10.pfb></us
r/share/texlive/texmf-dist/fonts/type1/urw/helvetic/uhvb8a.pfb></usr/share/texl
ive/texmf-dist/fonts/type1/urw/helvetic/uhvbo8a.pfb></usr/share/texlive/texmf-d
ist/fonts/type1/urw/helvetic/uhvr8a.pfb></usr/share/texlive/texmf-dist/fonts/ty
pe1/urw/helvetic/uhvro8a.pfb>
Output written on route66.pdf (100 pages, 17231872 bytes).
PDF statistics:
 507 PDF objects out of 1000 (max. 8388607)
 266 compressed objects within 3 object streams
 0 named destinations out of 1000 (max. 500000)
 366 words of extra memory for PDF output out of 10000 (max. 10000000)

